#
# There is insufficient memory for the Java Runtime Environment to continue.
# Native memory allocation (malloc) failed to allocate 1717136 bytes for Chunk::new
# Possible reasons:
#   The system is out of physical RAM or swap space
#   The process is running with CompressedOops enabled, and the Java Heap may be blocking the growth of the native heap
# Possible solutions:
#   Reduce memory load on the system
#   Increase physical memory or swap space
#   Check if swap backing store is full
#   Decrease Java heap size (-Xmx/-Xms)
#   Decrease number of Java threads
#   Decrease Java thread stack sizes (-Xss)
#   Set larger code cache with -XX:ReservedCodeCacheSize=
#   JVM is running with Unscaled Compressed Oops mode in which the Java heap is
#     placed in the first 4GB address space. The Java Heap base address is the
#     maximum limit for the native heap growth. Please use -XX:HeapBaseMinAddress
#     to set the Java Heap base and to place the Java Heap above 4GB virtual address.
# This output file may be truncated or incomplete.
#
#  Out of Memory Error (arena.cpp:189), pid=25996, tid=17704
#
# JRE version: Java(TM) SE Runtime Environment (17.0.12+8) (build 17.0.12+8-LTS-286)
# Java VM: Java HotSpot(TM) 64-Bit Server VM (17.0.12+8-LTS-286, mixed mode, sharing, tiered, compressed oops, compressed class ptrs, g1 gc, windows-amd64)
# No core dump will be written. Minidumps are not enabled by default on client versions of Windows
#

---------------  S U M M A R Y ------------

Command Line: -javaagent:C:\Program Files\JetBrains\IntelliJ IDEA 2026.1\lib\idea_rt.jar=51668 -Dfile.encoding=UTF-8 com.example.homestaymanager.HomestayManagerApplication

Host: 12th Gen Intel(R) Core(TM) i5-1235U, 12 cores, 7G,  Windows 11 , 64 bit Build 26100 (10.0.26100.8328)
Time: Sun May 17 16:55:49 2026 SE Asia Standard Time elapsed time: 19.275976 seconds (0d 0h 0m 19s)

---------------  T H R E A D  ---------------

Current thread (0x000002627fe0a6c0):  JavaThread "C2 CompilerThread0" daemon [_thread_in_native, id=17704, stack(0x000000d8ca700000,0x000000d8ca800000)]


Current CompileTask:
C2:  19276 4418       4       jdk.internal.loader.BuiltinClassLoader::defineClass (121 bytes)

Stack: [0x000000d8ca700000,0x000000d8ca800000]
Native frames: (J=compiled Java code, j=interpreted, Vv=VM code, C=native code)
V  [jvm.dll+0x67a04a]
V  [jvm.dll+0x7da4ed]
V  [jvm.dll+0x7dbe33]
V  [jvm.dll+0x7dc4a3]
V  [jvm.dll+0x24508f]
V  [jvm.dll+0xab773]
V  [jvm.dll+0xabd3c]
V  [jvm.dll+0x361b9f]
V  [jvm.dll+0x1ba45a]
V  [jvm.dll+0x216997]
V  [jvm.dll+0x215c6f]
V  [jvm.dll+0x1a2960]
V  [jvm.dll+0x22610b]
V  [jvm.dll+0x2242ab]
V  [jvm.dll+0x79075c]
V  [jvm.dll+0x78abea]
V  [jvm.dll+0x678f35]
C  [ucrtbase.dll+0x37b0]
C  [KERNEL32.DLL+0x2e957]
C  [ntdll.dll+0x427c]


---------------  P R O C E S S  ---------------

Threads class SMR info:
_java_thread_list=0x000002624bba27a0, length=18, elements={
0x000002626391a3a0, 0x000002627fdeaf90, 0x000002627fdeb950, 0x000002627fe031e0,
0x000002627fe05bb0, 0x000002627fe06570, 0x000002627fe08610, 0x000002627fe0a6c0,
0x000002627fe11410, 0x000002627fe16da0, 0x000002627fdd4670, 0x00000262493fe810,
0x000002624930b5c0, 0x000002624a8e8fd0, 0x00000262491df0c0, 0x000002624b99a150,
0x000002624b996eb0, 0x000002624a43a7d0
}

Java Threads: ( => current thread )
  0x000002626391a3a0 JavaThread "main" [_thread_in_Java, id=20264, stack(0x000000d8c9a00000,0x000000d8c9b00000)]
  0x000002627fdeaf90 JavaThread "Reference Handler" daemon [_thread_blocked, id=14984, stack(0x000000d8ca100000,0x000000d8ca200000)]
  0x000002627fdeb950 JavaThread "Finalizer" daemon [_thread_blocked, id=24016, stack(0x000000d8ca200000,0x000000d8ca300000)]
  0x000002627fe031e0 JavaThread "Signal Dispatcher" daemon [_thread_blocked, id=10528, stack(0x000000d8ca300000,0x000000d8ca400000)]
  0x000002627fe05bb0 JavaThread "Attach Listener" daemon [_thread_blocked, id=27388, stack(0x000000d8ca400000,0x000000d8ca500000)]
  0x000002627fe06570 JavaThread "Service Thread" daemon [_thread_blocked, id=14492, stack(0x000000d8ca500000,0x000000d8ca600000)]
  0x000002627fe08610 JavaThread "Monitor Deflation Thread" daemon [_thread_blocked, id=5064, stack(0x000000d8ca600000,0x000000d8ca700000)]
=>0x000002627fe0a6c0 JavaThread "C2 CompilerThread0" daemon [_thread_in_native, id=17704, stack(0x000000d8ca700000,0x000000d8ca800000)]
  0x000002627fe11410 JavaThread "C1 CompilerThread0" daemon [_thread_blocked, id=20400, stack(0x000000d8ca800000,0x000000d8ca900000)]
  0x000002627fe16da0 JavaThread "Sweeper thread" daemon [_thread_blocked, id=6420, stack(0x000000d8ca900000,0x000000d8caa00000)]
  0x000002627fdd4670 JavaThread "Common-Cleaner" daemon [_thread_blocked, id=4124, stack(0x000000d8caa00000,0x000000d8cab00000)]
  0x00000262493fe810 JavaThread "Monitor Ctrl-Break" daemon [_thread_in_native, id=9648, stack(0x000000d8cab00000,0x000000d8cac00000)]
  0x000002624930b5c0 JavaThread "Notification Thread" daemon [_thread_blocked, id=18796, stack(0x000000d8cac00000,0x000000d8cad00000)]
  0x000002624a8e8fd0 JavaThread "Catalina-utility-1" [_thread_blocked, id=27948, stack(0x000000d8cb800000,0x000000d8cb900000)]
  0x00000262491df0c0 JavaThread "Catalina-utility-2" [_thread_blocked, id=17912, stack(0x000000d8cba00000,0x000000d8cbb00000)]
  0x000002624b99a150 JavaThread "container-0" [_thread_blocked, id=10628, stack(0x000000d8cbb00000,0x000000d8cbc00000)]
  0x000002624b996eb0 JavaThread "mysql-cj-abandoned-connection-cleanup" daemon [_thread_blocked, id=5288, stack(0x000000d8cbc00000,0x000000d8cbd00000)]
  0x000002624a43a7d0 JavaThread "C2 CompilerThread1" daemon [_thread_in_native, id=10812, stack(0x000000d8cbd00000,0x000000d8cbe00000)]

Other Threads:
  0x000002627fde52d0 VMThread "VM Thread" [stack: 0x000000d8ca000000,0x000000d8ca100000] [id=27044]
  0x00000262494e4c90 WatcherThread [stack: 0x000000d8cad00000,0x000000d8cae00000] [id=22828]
  0x0000026263976250 GCTaskThread "GC Thread#0" [stack: 0x000000d8c9b00000,0x000000d8c9c00000] [id=28636]
  0x0000026249ad1620 GCTaskThread "GC Thread#1" [stack: 0x000000d8cae00000,0x000000d8caf00000] [id=28252]
  0x0000026249addd80 GCTaskThread "GC Thread#2" [stack: 0x000000d8caf00000,0x000000d8cb000000] [id=10996]
  0x0000026249b04e30 GCTaskThread "GC Thread#3" [stack: 0x000000d8cb000000,0x000000d8cb100000] [id=28532]
  0x0000026249b28e20 GCTaskThread "GC Thread#4" [stack: 0x000000d8cb100000,0x000000d8cb200000] [id=23036]
  0x0000026249b290e0 GCTaskThread "GC Thread#5" [stack: 0x000000d8cb200000,0x000000d8cb300000] [id=6472]
  0x000002624a39ecb0 GCTaskThread "GC Thread#6" [stack: 0x000000d8cb300000,0x000000d8cb400000] [id=27176]
  0x000002624a0111c0 GCTaskThread "GC Thread#7" [stack: 0x000000d8cb500000,0x000000d8cb600000] [id=24352]
  0x0000026249bd76f0 GCTaskThread "GC Thread#8" [stack: 0x000000d8cb600000,0x000000d8cb700000] [id=6924]
  0x0000026249bd79b0 GCTaskThread "GC Thread#9" [stack: 0x000000d8cb700000,0x000000d8cb800000] [id=21420]
  0x00000262639867e0 ConcurrentGCThread "G1 Main Marker" [stack: 0x000000d8c9c00000,0x000000d8c9d00000] [id=23652]
  0x00000262639871f0 ConcurrentGCThread "G1 Conc#0" [stack: 0x000000d8c9d00000,0x000000d8c9e00000] [id=25208]
  0x000002624b36fef0 ConcurrentGCThread "G1 Conc#1" [stack: 0x000000d8cb400000,0x000000d8cb500000] [id=16096]
  0x000002624a560de0 ConcurrentGCThread "G1 Conc#2" [stack: 0x000000d8cb900000,0x000000d8cba00000] [id=13176]
  0x000002627fc92b70 ConcurrentGCThread "G1 Refine#0" [stack: 0x000000d8c9e00000,0x000000d8c9f00000] [id=19444]
  0x000002627fc934a0 ConcurrentGCThread "G1 Service" [stack: 0x000000d8c9f00000,0x000000d8ca000000] [id=24372]

Threads with active compile tasks:
C2 CompilerThread0    19317 4418       4       jdk.internal.loader.BuiltinClassLoader::defineClass (121 bytes)
C2 CompilerThread1    19318 4445 % !   4       java.util.concurrent.ConcurrentHashMap::transfer @ 96 (849 bytes)

VM state: not at safepoint (normal execution)

VM Mutex/Monitor currently owned by a thread: None

Heap address: 0x0000000084e00000, size: 1970 MB, Compressed Oops mode: 32-bit

CDS archive(s) mapped at: [0x0000026204000000-0x0000026204bd0000-0x0000026204bd0000), size 12386304, SharedBaseAddress: 0x0000026204000000, ArchiveRelocationMode: 1.
Compressed class space mapped at: 0x0000026205000000-0x0000026245000000, reserved size: 1073741824
Narrow klass base: 0x0000026204000000, Narrow klass shift: 0, Narrow klass range: 0x100000000

GC Precious Log:
 CPUs: 12 total, 12 available
 Memory: 7876M
 Large Page Support: Disabled
 NUMA Support: Disabled
 Compressed Oops: Enabled (32-bit)
 Heap Region Size: 1M
 Heap Min Capacity: 8M
 Heap Initial Capacity: 124M
 Heap Max Capacity: 1970M
 Pre-touch: Disabled
 Parallel Workers: 10
 Concurrent Workers: 3
 Concurrent Refinement Workers: 10
 Periodic GC: Disabled

Heap:
 garbage-first heap   total 51200K, used 36512K [0x0000000084e00000, 0x0000000100000000)
  region size 1024K, 18 young (18432K), 1 survivors (1024K)
 Metaspace       used 39693K, committed 40192K, reserved 1114112K
  class space    used 5243K, committed 5504K, reserved 1048576K

Heap Regions: E=young(eden), S=young(survivor), O=old, HS=humongous(starts), HC=humongous(continues), CS=collection set, F=free, OA=open archive, CA=closed archive, TAMS=top-at-mark-start (previous, next)
|   0|0x0000000084e00000, 0x0000000084f00000, 0x0000000084f00000|100%|HS|  |TAMS 0x0000000084f00000, 0x0000000084e00000| Complete 
|   1|0x0000000084f00000, 0x0000000085000000, 0x0000000085000000|100%| O|  |TAMS 0x0000000085000000, 0x0000000084f00000| Untracked 
|   2|0x0000000085000000, 0x0000000085100000, 0x0000000085100000|100%| O|  |TAMS 0x0000000085100000, 0x0000000085000000| Untracked 
|   3|0x0000000085100000, 0x0000000085200000, 0x0000000085200000|100%| O|  |TAMS 0x0000000085200000, 0x0000000085100000| Untracked 
|   4|0x0000000085200000, 0x0000000085300000, 0x0000000085300000|100%| O|  |TAMS 0x0000000085300000, 0x0000000085200000| Untracked 
|   5|0x0000000085300000, 0x0000000085400000, 0x0000000085400000|100%| O|  |TAMS 0x0000000085400000, 0x0000000085300000| Untracked 
|   6|0x0000000085400000, 0x00000000854dfc00, 0x0000000085500000| 87%| O|  |TAMS 0x00000000854dfc00, 0x0000000085400000| Untracked 
|   7|0x0000000085500000, 0x0000000085600000, 0x0000000085600000|100%| O|  |TAMS 0x0000000085600000, 0x0000000085500000| Untracked 
|   8|0x0000000085600000, 0x0000000085700000, 0x0000000085700000|100%| O|  |TAMS 0x0000000085700000, 0x0000000085600000| Untracked 
|   9|0x0000000085700000, 0x0000000085800000, 0x0000000085800000|100%| O|  |TAMS 0x0000000085800000, 0x0000000085700000| Untracked 
|  10|0x0000000085800000, 0x0000000085900000, 0x0000000085900000|100%| O|  |TAMS 0x0000000085900000, 0x0000000085800000| Untracked 
|  11|0x0000000085900000, 0x0000000085a00000, 0x0000000085a00000|100%| O|  |TAMS 0x0000000085a00000, 0x0000000085900000| Untracked 
|  12|0x0000000085a00000, 0x0000000085b00000, 0x0000000085b00000|100%| O|  |TAMS 0x0000000085b00000, 0x0000000085a00000| Untracked 
|  13|0x0000000085b00000, 0x0000000085c00000, 0x0000000085c00000|100%| O|  |TAMS 0x0000000085c00000, 0x0000000085b00000| Untracked 
|  14|0x0000000085c00000, 0x0000000085d00000, 0x0000000085d00000|100%| O|  |TAMS 0x0000000085d00000, 0x0000000085c00000| Untracked 
|  15|0x0000000085d00000, 0x0000000085e00000, 0x0000000085e00000|100%| O|  |TAMS 0x0000000085e00000, 0x0000000085d00000| Untracked 
|  16|0x0000000085e00000, 0x0000000085f00000, 0x0000000085f00000|100%| O|  |TAMS 0x0000000085f00000, 0x0000000085e00000| Untracked 
|  17|0x0000000085f00000, 0x0000000086000000, 0x0000000086000000|100%| O|  |TAMS 0x0000000085f92e00, 0x0000000085f00000| Untracked 
|  18|0x0000000086000000, 0x00000000860ce000, 0x0000000086100000| 80%| O|  |TAMS 0x0000000086000000, 0x0000000086000000| Untracked 
|  19|0x0000000086100000, 0x0000000086100000, 0x0000000086200000|  0%| F|  |TAMS 0x0000000086100000, 0x0000000086100000| Untracked 
|  20|0x0000000086200000, 0x0000000086200000, 0x0000000086300000|  0%| F|  |TAMS 0x0000000086200000, 0x0000000086200000| Untracked 
|  21|0x0000000086300000, 0x0000000086300000, 0x0000000086400000|  0%| F|  |TAMS 0x0000000086300000, 0x0000000086300000| Untracked 
|  22|0x0000000086400000, 0x0000000086400000, 0x0000000086500000|  0%| F|  |TAMS 0x0000000086400000, 0x0000000086400000| Untracked 
|  23|0x0000000086500000, 0x0000000086500000, 0x0000000086600000|  0%| F|  |TAMS 0x0000000086500000, 0x0000000086500000| Untracked 
|  24|0x0000000086600000, 0x0000000086600000, 0x0000000086700000|  0%| F|  |TAMS 0x0000000086600000, 0x0000000086600000| Untracked 
|  25|0x0000000086700000, 0x0000000086700000, 0x0000000086800000|  0%| F|  |TAMS 0x0000000086700000, 0x0000000086700000| Untracked 
|  26|0x0000000086800000, 0x0000000086800000, 0x0000000086900000|  0%| F|  |TAMS 0x0000000086800000, 0x0000000086800000| Untracked 
|  27|0x0000000086900000, 0x0000000086900000, 0x0000000086a00000|  0%| F|  |TAMS 0x0000000086900000, 0x0000000086900000| Untracked 
|  28|0x0000000086a00000, 0x0000000086a00000, 0x0000000086b00000|  0%| F|  |TAMS 0x0000000086a00000, 0x0000000086a00000| Untracked 
|  29|0x0000000086b00000, 0x0000000086b00000, 0x0000000086c00000|  0%| F|  |TAMS 0x0000000086b00000, 0x0000000086b00000| Untracked 
|  30|0x0000000086c00000, 0x0000000086c00000, 0x0000000086d00000|  0%| F|  |TAMS 0x0000000086c00000, 0x0000000086c00000| Untracked 
|  31|0x0000000086d00000, 0x0000000086d00000, 0x0000000086e00000|  0%| F|  |TAMS 0x0000000086d00000, 0x0000000086d00000| Untracked 
|  32|0x0000000086e00000, 0x0000000086e62258, 0x0000000086f00000| 38%| E|  |TAMS 0x0000000086e00000, 0x0000000086e00000| Complete 
|  33|0x0000000086f00000, 0x0000000087000000, 0x0000000087000000|100%| E|CS|TAMS 0x0000000086f00000, 0x0000000086f00000| Complete 
|  34|0x0000000087000000, 0x0000000087100000, 0x0000000087100000|100%| E|CS|TAMS 0x0000000087000000, 0x0000000087000000| Complete 
|  35|0x0000000087100000, 0x0000000087200000, 0x0000000087200000|100%| E|CS|TAMS 0x0000000087100000, 0x0000000087100000| Complete 
|  36|0x0000000087200000, 0x0000000087300000, 0x0000000087300000|100%| E|CS|TAMS 0x0000000087200000, 0x0000000087200000| Complete 
|  37|0x0000000087300000, 0x0000000087400000, 0x0000000087400000|100%| E|CS|TAMS 0x0000000087300000, 0x0000000087300000| Complete 
|  38|0x0000000087400000, 0x0000000087500000, 0x0000000087500000|100%| E|CS|TAMS 0x0000000087400000, 0x0000000087400000| Complete 
|  39|0x0000000087500000, 0x0000000087600000, 0x0000000087600000|100%| E|CS|TAMS 0x0000000087500000, 0x0000000087500000| Complete 
|  40|0x0000000087600000, 0x0000000087700000, 0x0000000087700000|100%| E|CS|TAMS 0x0000000087600000, 0x0000000087600000| Complete 
|  41|0x0000000087700000, 0x0000000087800000, 0x0000000087800000|100%| E|CS|TAMS 0x0000000087700000, 0x0000000087700000| Complete 
|  62|0x0000000088c00000, 0x0000000088d00000, 0x0000000088d00000|100%| E|CS|TAMS 0x0000000088c00000, 0x0000000088c00000| Complete 
|  63|0x0000000088d00000, 0x0000000088e00000, 0x0000000088e00000|100%| E|CS|TAMS 0x0000000088d00000, 0x0000000088d00000| Complete 
|  64|0x0000000088e00000, 0x0000000088f00000, 0x0000000088f00000|100%| E|CS|TAMS 0x0000000088e00000, 0x0000000088e00000| Complete 
|  65|0x0000000088f00000, 0x0000000089000000, 0x0000000089000000|100%| E|CS|TAMS 0x0000000088f00000, 0x0000000088f00000| Complete 
|  66|0x0000000089000000, 0x0000000089100000, 0x0000000089100000|100%| E|CS|TAMS 0x0000000089000000, 0x0000000089000000| Complete 
|  67|0x0000000089100000, 0x00000000891fa798, 0x0000000089200000| 97%| S|CS|TAMS 0x0000000089100000, 0x0000000089100000| Complete 
|  68|0x0000000089200000, 0x0000000089300000, 0x0000000089300000|100%| E|CS|TAMS 0x0000000089200000, 0x0000000089200000| Complete 
| 123|0x000000008c900000, 0x000000008ca00000, 0x000000008ca00000|100%| E|CS|TAMS 0x000000008c900000, 0x000000008c900000| Complete 

Card table byte_map: [0x000002627caa0000,0x000002627ce80000] _byte_map_base: 0x000002627c679000

Marking Bits (Prev, Next): (CMBitMap*) 0x0000026263976870, (CMBitMap*) 0x00000262639768b0
 Prev Bits: [0x000002627d260000, 0x000002627f128000)
 Next Bits: [0x0000026200000000, 0x0000026201ec8000)

Polling page: 0x00000262639e0000

Metaspace:

Usage:
  Non-class:     33.64 MB used.
      Class:      5.12 MB used.
       Both:     38.76 MB used.

Virtual space:
  Non-class space:       64.00 MB reserved,      33.88 MB ( 53%) committed,  1 nodes.
      Class space:        1.00 GB reserved,       5.38 MB ( <1%) committed,  1 nodes.
             Both:        1.06 GB reserved,      39.25 MB (  4%) committed. 

Chunk freelists:
   Non-Class:  13.62 MB
       Class:  10.67 MB
        Both:  24.30 MB

MaxMetaspaceSize: unlimited
CompressedClassSpaceSize: 1.00 GB
Initial GC threshold: 21.00 MB
Current GC threshold: 58.69 MB
CDS: on
MetaspaceReclaimPolicy: balanced
 - commit_granule_bytes: 65536.
 - commit_granule_words: 8192.
 - virtual_space_node_default_size: 8388608.
 - enlarge_chunks_in_place: 1.
 - new_chunks_are_fully_committed: 0.
 - uncommit_free_chunks: 1.
 - use_allocation_guard: 0.
 - handle_deallocations: 1.


Internal statistics:

num_allocs_failed_limit: 6.
num_arena_births: 556.
num_arena_deaths: 0.
num_vsnodes_births: 2.
num_vsnodes_deaths: 0.
num_space_committed: 628.
num_space_uncommitted: 0.
num_chunks_returned_to_freelist: 6.
num_chunks_taken_from_freelist: 1963.
num_chunk_merges: 6.
num_chunk_splits: 1425.
num_chunks_enlarged: 1095.
num_inconsistent_stats: 0.

CodeHeap 'non-profiled nmethods': size=120000Kb used=2771Kb max_used=2771Kb free=117228Kb
 bounds [0x00000262745f0000, 0x00000262748b0000, 0x000002627bb20000]
CodeHeap 'profiled nmethods': size=120000Kb used=9623Kb max_used=9623Kb free=110376Kb
 bounds [0x000002626cb20000, 0x000002626d490000, 0x0000026274050000]
CodeHeap 'non-nmethods': size=5760Kb used=1238Kb max_used=1290Kb free=4521Kb
 bounds [0x0000026274050000, 0x00000262742c0000, 0x00000262745f0000]
 total_blobs=5002 nmethods=4453 adapters=461
 compilation: enabled
              stopped_count=0, restarted_count=0
 full_count=0

Compilation events (20 events):
Event: 15.881 Thread 0x000002627fe11410 nmethod 4439 0x0000026274898810 code [0x00000262748989a0, 0x0000026274898a78]
Event: 15.881 Thread 0x000002627fe11410 4440       1       com.mysql.cj.conf.AbstractPropertyDefinition::getCcAlias (5 bytes)
Event: 15.881 Thread 0x000002627fe11410 nmethod 4440 0x0000026274898b10 code [0x0000026274898ca0, 0x0000026274898d78]
Event: 15.959 Thread 0x000002624a43a7d0 nmethod 4404 0x0000026274898e10 code [0x00000262748992a0, 0x000002627489d360]
Event: 15.959 Thread 0x000002624a43a7d0 4420       4       java.lang.AbstractStringBuilder::isLatin1 (19 bytes)
Event: 15.960 Thread 0x000002624a43a7d0 nmethod 4420 0x000002627489ed10 code [0x000002627489ee80, 0x000002627489ef18]
Event: 15.960 Thread 0x000002624a43a7d0 4441       4       java.lang.ClassLoader::loadClass (7 bytes)
Event: 15.964 Thread 0x000002624a43a7d0 nmethod 4441 0x000002627489f010 code [0x000002627489f1c0, 0x000002627489f338]
Event: 15.964 Thread 0x000002627fe11410 4442   !   3       com.mysql.cj.conf.DefaultPropertySet::getProperty (52 bytes)
Event: 15.965 Thread 0x000002627fe11410 nmethod 4442 0x000002626d47c210 code [0x000002626d47c400, 0x000002626d47cb28]
Event: 15.979 Thread 0x000002624a43a7d0 4443       4       java.security.CodeSource::<init> (52 bytes)
Event: 15.984 Thread 0x000002624a43a7d0 nmethod 4443 0x000002627489f510 code [0x000002627489f6a0, 0x000002627489fa28]
Event: 16.003 Thread 0x000002624a43a7d0 4444   !   4       java.net.URL::<init> (543 bytes)
Event: 18.206 Thread 0x000002624a43a7d0 nmethod 4444 0x000002627489fb10 code [0x000002627489fee0, 0x00000262748a3238]
Event: 18.206 Thread 0x000002624a43a7d0 4445 % !   4       java.util.concurrent.ConcurrentHashMap::transfer @ 96 (849 bytes)
Event: 18.207 Thread 0x000002627fe11410 4446   !   3       java.util.concurrent.ConcurrentHashMap::putVal (432 bytes)
Event: 18.208 Thread 0x000002627fe11410 nmethod 4446 0x000002626d47cd90 code [0x000002626d47d0e0, 0x000002626d47ec08]
Event: 18.219 Thread 0x000002627fe11410 4447       3       java.lang.invoke.MethodHandles::identity (87 bytes)
Event: 18.220 Thread 0x000002627fe11410 nmethod 4447 0x000002626d47f590 code [0x000002626d47f780, 0x000002626d47fbb8]
Event: 18.269 Thread 0x000002627fe11410 4449       3       java.lang.StringLatin1::compareToCI (108 bytes)

GC Heap History (16 events):
Event: 2.900 GC heap before
{Heap before GC invocations=0 (full 0):
 garbage-first heap   total 126976K, used 23552K [0x0000000084e00000, 0x0000000100000000)
  region size 1024K, 23 young (23552K), 0 survivors (0K)
 Metaspace       used 6336K, committed 6592K, reserved 1114112K
  class space    used 754K, committed 896K, reserved 1048576K
}
Event: 2.918 GC heap after
{Heap after GC invocations=1 (full 0):
 garbage-first heap   total 126976K, used 6911K [0x0000000084e00000, 0x0000000100000000)
  region size 1024K, 3 young (3072K), 3 survivors (3072K)
 Metaspace       used 6336K, committed 6592K, reserved 1114112K
  class space    used 754K, committed 896K, reserved 1048576K
}
Event: 4.298 GC heap before
{Heap before GC invocations=1 (full 0):
 garbage-first heap   total 126976K, used 33535K [0x0000000084e00000, 0x0000000100000000)
  region size 1024K, 30 young (30720K), 3 survivors (3072K)
 Metaspace       used 13530K, committed 13696K, reserved 1114112K
  class space    used 1656K, committed 1728K, reserved 1048576K
}
Event: 4.308 GC heap after
{Heap after GC invocations=2 (full 0):
 garbage-first heap   total 126976K, used 9505K [0x0000000084e00000, 0x0000000100000000)
  region size 1024K, 3 young (3072K), 3 survivors (3072K)
 Metaspace       used 13530K, committed 13696K, reserved 1114112K
  class space    used 1656K, committed 1728K, reserved 1048576K
}
Event: 7.352 GC heap before
{Heap before GC invocations=2 (full 0):
 garbage-first heap   total 126976K, used 60705K [0x0000000084e00000, 0x0000000100000000)
  region size 1024K, 55 young (56320K), 3 survivors (3072K)
 Metaspace       used 21273K, committed 21504K, reserved 1114112K
  class space    used 2629K, committed 2752K, reserved 1048576K
}
Event: 7.374 GC heap after
{Heap after GC invocations=3 (full 0):
 garbage-first heap   total 126976K, used 14022K [0x0000000084e00000, 0x0000000100000000)
  region size 1024K, 7 young (7168K), 7 survivors (7168K)
 Metaspace       used 21273K, committed 21504K, reserved 1114112K
  class space    used 2629K, committed 2752K, reserved 1048576K
}
Event: 9.317 GC heap before
{Heap before GC invocations=4 (full 0):
 garbage-first heap   total 51200K, used 37574K [0x0000000084e00000, 0x0000000100000000)
  region size 1024K, 30 young (30720K), 7 survivors (7168K)
 Metaspace       used 24543K, committed 24896K, reserved 1114112K
  class space    used 3092K, committed 3264K, reserved 1048576K
}
Event: 9.345 GC heap after
{Heap after GC invocations=5 (full 0):
 garbage-first heap   total 51200K, used 15999K [0x0000000084e00000, 0x0000000100000000)
  region size 1024K, 3 young (3072K), 3 survivors (3072K)
 Metaspace       used 24543K, committed 24896K, reserved 1114112K
  class space    used 3092K, committed 3264K, reserved 1048576K
}
Event: 11.186 GC heap before
{Heap before GC invocations=5 (full 0):
 garbage-first heap   total 51200K, used 35455K [0x0000000084e00000, 0x0000000100000000)
  region size 1024K, 22 young (22528K), 3 survivors (3072K)
 Metaspace       used 28577K, committed 28992K, reserved 1114112K
  class space    used 3634K, committed 3840K, reserved 1048576K
}
Event: 11.205 GC heap after
{Heap after GC invocations=6 (full 0):
 garbage-first heap   total 51200K, used 17748K [0x0000000084e00000, 0x0000000100000000)
  region size 1024K, 2 young (2048K), 2 survivors (2048K)
 Metaspace       used 28577K, committed 28992K, reserved 1114112K
  class space    used 3634K, committed 3840K, reserved 1048576K
}
Event: 12.800 GC heap before
{Heap before GC invocations=6 (full 0):
 garbage-first heap   total 51200K, used 37204K [0x0000000084e00000, 0x0000000100000000)
  region size 1024K, 21 young (21504K), 2 survivors (2048K)
 Metaspace       used 30728K, committed 31168K, reserved 1114112K
  class space    used 3943K, committed 4160K, reserved 1048576K
}
Event: 12.806 GC heap after
{Heap after GC invocations=7 (full 0):
 garbage-first heap   total 51200K, used 19270K [0x0000000084e00000, 0x0000000100000000)
  region size 1024K, 2 young (2048K), 2 survivors (2048K)
 Metaspace       used 30728K, committed 31168K, reserved 1114112K
  class space    used 3943K, committed 4160K, reserved 1048576K
}
Event: 14.662 GC heap before
{Heap before GC invocations=7 (full 0):
 garbage-first heap   total 51200K, used 37702K [0x0000000084e00000, 0x0000000100000000)
  region size 1024K, 20 young (20480K), 2 survivors (2048K)
 Metaspace       used 35271K, committed 35712K, reserved 1114112K
  class space    used 4590K, committed 4800K, reserved 1048576K
}
Event: 14.665 GC heap after
{Heap after GC invocations=8 (full 0):
 garbage-first heap   total 51200K, used 20025K [0x0000000084e00000, 0x0000000100000000)
  region size 1024K, 3 young (3072K), 3 survivors (3072K)
 Metaspace       used 35271K, committed 35712K, reserved 1114112K
  class space    used 4590K, committed 4800K, reserved 1048576K
}
Event: 14.775 GC heap before
{Heap before GC invocations=8 (full 0):
 garbage-first heap   total 51200K, used 21049K [0x0000000084e00000, 0x0000000100000000)
  region size 1024K, 5 young (5120K), 3 survivors (3072K)
 Metaspace       used 35543K, committed 35968K, reserved 1114112K
  class space    used 4646K, committed 4864K, reserved 1048576K
}
Event: 14.778 GC heap after
{Heap after GC invocations=9 (full 0):
 garbage-first heap   total 51200K, used 20128K [0x0000000084e00000, 0x0000000100000000)
  region size 1024K, 1 young (1024K), 1 survivors (1024K)
 Metaspace       used 35543K, committed 35968K, reserved 1114112K
  class space    used 4646K, committed 4864K, reserved 1048576K
}

Deoptimization events (20 events):
Event: 15.723 Thread 0x000002626391a3a0 DEOPT PACKING pc=0x000002626d471831 sp=0x000000d8c9afaa30
Event: 15.723 Thread 0x000002626391a3a0 DEOPT UNPACKING pc=0x00000262740a2b43 sp=0x000000d8c9af9f20 mode 0
Event: 15.723 Thread 0x000002626391a3a0 DEOPT PACKING pc=0x000002626d471831 sp=0x000000d8c9afaa30
Event: 15.723 Thread 0x000002626391a3a0 DEOPT UNPACKING pc=0x00000262740a2b43 sp=0x000000d8c9af9f20 mode 0
Event: 15.724 Thread 0x000002626391a3a0 DEOPT PACKING pc=0x000002626d471831 sp=0x000000d8c9afaa30
Event: 15.724 Thread 0x000002626391a3a0 DEOPT UNPACKING pc=0x00000262740a2b43 sp=0x000000d8c9af9f20 mode 0
Event: 15.724 Thread 0x000002626391a3a0 DEOPT PACKING pc=0x000002626d471831 sp=0x000000d8c9afaa30
Event: 15.725 Thread 0x000002626391a3a0 DEOPT UNPACKING pc=0x00000262740a2b43 sp=0x000000d8c9af9f20 mode 0
Event: 15.725 Thread 0x000002626391a3a0 DEOPT PACKING pc=0x000002626d471831 sp=0x000000d8c9afaa30
Event: 15.725 Thread 0x000002626391a3a0 DEOPT UNPACKING pc=0x00000262740a2b43 sp=0x000000d8c9af9f20 mode 0
Event: 15.725 Thread 0x000002626391a3a0 DEOPT PACKING pc=0x000002626d471831 sp=0x000000d8c9afaa30
Event: 15.725 Thread 0x000002626391a3a0 DEOPT UNPACKING pc=0x00000262740a2b43 sp=0x000000d8c9af9f20 mode 0
Event: 15.726 Thread 0x000002626391a3a0 DEOPT PACKING pc=0x000002626d471831 sp=0x000000d8c9afaa30
Event: 15.726 Thread 0x000002626391a3a0 DEOPT UNPACKING pc=0x00000262740a2b43 sp=0x000000d8c9af9f20 mode 0
Event: 15.726 Thread 0x000002626391a3a0 DEOPT PACKING pc=0x000002626d471831 sp=0x000000d8c9afaa30
Event: 15.726 Thread 0x000002626391a3a0 DEOPT UNPACKING pc=0x00000262740a2b43 sp=0x000000d8c9af9f20 mode 0
Event: 17.025 Thread 0x000002626391a3a0 Uncommon trap: trap_request=0xffffff45 fr.pc=0x0000026274865690 relative=0x00000000000016b0
Event: 17.026 Thread 0x000002626391a3a0 Uncommon trap: reason=unstable_if action=reinterpret pc=0x0000026274865690 method=java.util.concurrent.ConcurrentHashMap.putVal(Ljava/lang/Object;Ljava/lang/Object;Z)Ljava/lang/Object; @ 148 c2
Event: 17.026 Thread 0x000002626391a3a0 DEOPT PACKING pc=0x0000026274865690 sp=0x000000d8c9afcfe0
Event: 17.026 Thread 0x000002626391a3a0 DEOPT UNPACKING pc=0x00000262740a23a3 sp=0x000000d8c9afcf80 mode 2

Classes unloaded (0 events):
No events

Classes redefined (0 events):
No events

Internal exceptions (20 events):
Event: 10.067 Thread 0x000002626391a3a0 Exception <a 'java/lang/NoSuchMethodError'{0x000000008779e128}: 'void java.lang.invoke.DirectMethodHandle$Holder.invokeStatic(java.lang.Object, int, java.lang.Object)'> (0x000000008779e128) 
thrown [s\open\src\hotspot\share\interpreter\linkResolver.cpp, line 759]
Event: 10.089 Thread 0x000002626391a3a0 Exception <a 'java/lang/NoSuchMethodError'{0x00000000877d97f8}: 'void java.lang.invoke.DirectMethodHandle$Holder.invokeVirtual(java.lang.Object, java.lang.Object, int)'> (0x00000000877d97f8) 
thrown [s\open\src\hotspot\share\interpreter\linkResolver.cpp, line 759]
Event: 10.091 Thread 0x000002626391a3a0 Exception <a 'java/lang/NoSuchMethodError'{0x00000000877dfa40}: 'void java.lang.invoke.DirectMethodHandle$Holder.invokeStatic(java.lang.Object, java.lang.Object, java.lang.Object, int, java.lang.Object)'> (0x00000000877dfa40) 
thrown [s\open\src\hotspot\share\interpreter\linkResolver.cpp, line 759]
Event: 10.093 Thread 0x000002626391a3a0 Exception <a 'java/lang/NoSuchMethodError'{0x00000000877e6f48}: 'java.lang.Object java.lang.invoke.DirectMethodHandle$Holder.newInvokeSpecial(java.lang.Object, java.lang.Object, java.lang.Object, int)'> (0x00000000877e6f48) 
thrown [s\open\src\hotspot\share\interpreter\linkResolver.cpp, line 759]
Event: 10.094 Thread 0x000002626391a3a0 Exception <a 'java/lang/NoSuchMethodError'{0x00000000877eb230}: 'java.lang.Object java.lang.invoke.DirectMethodHandle$Holder.invokeSpecial(java.lang.Object, java.lang.Object, java.lang.Object, java.lang.Object, int)'> (0x00000000877eb230) 
thrown [s\open\src\hotspot\share\interpreter\linkResolver.cpp, line 759]
Event: 10.094 Thread 0x000002626391a3a0 Exception <a 'java/lang/NoSuchMethodError'{0x00000000877eedf8}: 'java.lang.Object java.lang.invoke.Invokers$Holder.linkToTargetMethod(java.lang.Object, java.lang.Object, int, java.lang.Object)'> (0x00000000877eedf8) 
thrown [s\open\src\hotspot\share\interpreter\linkResolver.cpp, line 759]
Event: 10.361 Thread 0x000002626391a3a0 Exception <a 'java/lang/NoSuchMethodError'{0x000000008720d270}: 'java.lang.Object java.lang.invoke.DirectMethodHandle$Holder.invokeStaticInit(java.lang.Object, int, int, int, int)'> (0x000000008720d270) 
thrown [s\open\src\hotspot\share\interpreter\linkResolver.cpp, line 759]
Event: 10.612 Thread 0x000002626391a3a0 Exception <a 'java/lang/NoSuchMethodError'{0x00000000872d65e0}: 'java.lang.Object java.lang.invoke.DirectMethodHandle$Holder.invokeStaticInit(java.lang.Object, java.lang.Object, int, int, int, int)'> (0x00000000872d65e0) 
thrown [s\open\src\hotspot\share\interpreter\linkResolver.cpp, line 759]
Event: 11.214 Thread 0x000002626391a3a0 Exception <a 'java/lang/NoSuchMethodError'{0x000000008c911da8}: 'java.lang.Object java.lang.invoke.DirectMethodHandle$Holder.invokeSpecial(java.lang.Object, java.lang.Object, long, java.lang.Object, java.lang.Object, java.lang.Object, java.lang.Object, java.lang.Object, java.lang.Object)'> (0x000000008c911da8) 
thrown [s\open\src\hotspot\share\interpreter\linkResolver.cpp, line 759]
Event: 11.215 Thread 0x000002626391a3a0 Exception <a 'java/lang/NoSuchMethodError'{0x000000008c9168d0}: 'java.lang.Object java.lang.invoke.DelegatingMethodHandle$Holder.reinvoke_L(java.lang.Object, long, java.lang.Object, java.lang.Object, java.lang.Object, java.lang.Object, java.lang.Object, java.lang.Object)'> (0x000000008c9168d0) 
thrown [s\open\src\hotspot\share\interpreter\linkResolver.cpp, line 759]
Event: 11.303 Thread 0x000002626391a3a0 Implicit null exception at 0x000002627468d5fc to 0x000002627468ece8
Event: 11.482 Thread 0x000002626391a3a0 Exception <a 'java/io/FileNotFoundException'{0x000000008926f150}> (0x000000008926f150) 
thrown [s\open\src\hotspot\share\prims\jni.cpp, line 516]
Event: 11.610 Thread 0x000002626391a3a0 Exception <a 'java/lang/NoSuchMethodError'{0x000000008900b8b8}: 'int java.lang.invoke.DirectMethodHandle$Holder.invokeInterface(java.lang.Object, java.lang.Object, java.lang.Object, java.lang.Object)'> (0x000000008900b8b8) 
thrown [s\open\src\hotspot\share\interpreter\linkResolver.cpp, line 759]
Event: 11.800 Thread 0x000002626391a3a0 Exception <a 'sun/nio/fs/WindowsException'{0x0000000088fedaa0}> (0x0000000088fedaa0) 
thrown [s\open\src\hotspot\share\prims\jni.cpp, line 516]
Event: 12.084 Thread 0x000002626391a3a0 Exception <a 'java/lang/IncompatibleClassChangeError'{0x0000000088c7b4c8}: Found class java.lang.Object, but interface was expected> (0x0000000088c7b4c8) 
thrown [s\open\src\hotspot\share\interpreter\linkResolver.cpp, line 826]
Event: 12.137 Thread 0x000002626391a3a0 Implicit null exception at 0x000002627474a3ba to 0x000002627474a59c
Event: 12.293 Thread 0x000002626391a3a0 Exception <a 'java/lang/NoSuchMethodError'{0x00000000875bb638}: 'long java.lang.invoke.DirectMethodHandle$Holder.invokeVirtual(java.lang.Object, java.lang.Object)'> (0x00000000875bb638) 
thrown [s\open\src\hotspot\share\interpreter\linkResolver.cpp, line 759]
Event: 12.765 Thread 0x000002626391a3a0 Implicit null exception at 0x0000026274776e8b to 0x00000262747771e4
Event: 12.783 Thread 0x000002626391a3a0 Exception <a 'sun/nio/fs/WindowsException'{0x0000000086da7f30}> (0x0000000086da7f30) 
thrown [s\open\src\hotspot\share\prims\jni.cpp, line 516]
Event: 15.557 Thread 0x000002626391a3a0 Exception <a 'java/lang/NoSuchMethodError'{0x0000000087542818}: 'int java.lang.invoke.DirectMethodHandle$Holder.invokeStatic(java.lang.Object)'> (0x0000000087542818) 
thrown [s\open\src\hotspot\share\interpreter\linkResolver.cpp, line 759]

VM Operations (20 events):
Event: 12.415 Executing VM operation: HandshakeAllThreads done
Event: 12.507 Executing VM operation: HandshakeAllThreads
Event: 12.507 Executing VM operation: HandshakeAllThreads done
Event: 12.800 Executing VM operation: G1CollectForAllocation
Event: 12.807 Executing VM operation: G1CollectForAllocation done
Event: 13.815 Executing VM operation: Cleanup
Event: 13.817 Executing VM operation: Cleanup done
Event: 14.661 Executing VM operation: G1CollectForAllocation
Event: 14.667 Executing VM operation: G1CollectForAllocation done
Event: 14.774 Executing VM operation: CollectForMetadataAllocation
Event: 14.778 Executing VM operation: CollectForMetadataAllocation done
Event: 14.796 Executing VM operation: G1Concurrent
Event: 14.805 Executing VM operation: G1Concurrent done
Event: 14.813 Executing VM operation: G1Concurrent
Event: 14.814 Executing VM operation: G1Concurrent done
Event: 15.830 Executing VM operation: Cleanup
Event: 15.831 Executing VM operation: Cleanup done
Event: 16.842 Executing VM operation: Cleanup
Event: 16.842 Executing VM operation: Cleanup done
Event: 18.865 Executing VM operation: Cleanup

Events (20 events):
Event: 17.057 loading class sun/nio/ch/SocketOptionRegistry
Event: 17.057 loading class sun/nio/ch/SocketOptionRegistry done
Event: 17.057 loading class sun/nio/ch/SocketOptionRegistry$RegistryKey
Event: 17.058 loading class sun/nio/ch/SocketOptionRegistry$RegistryKey done
Event: 17.058 loading class sun/nio/ch/SocketOptionRegistry$LazyInitialization
Event: 17.058 loading class sun/nio/ch/SocketOptionRegistry$LazyInitialization done
Event: 17.058 loading class sun/nio/ch/OptionKey
Event: 17.058 loading class sun/nio/ch/OptionKey done
Event: 17.059 loading class sun/nio/ch/ExtendedSocketOption
Event: 17.059 loading class sun/nio/ch/ExtendedSocketOption done
Event: 17.059 loading class sun/nio/ch/ExtendedSocketOption$1
Event: 17.059 loading class sun/nio/ch/ExtendedSocketOption$1 done
Event: 18.194 loading class java/net/Socket$SocketOutputStream
Event: 18.195 loading class java/net/Socket$SocketOutputStream done
Event: 18.195 loading class sun/nio/ch/NioSocketImpl$2
Event: 18.195 loading class sun/nio/ch/NioSocketImpl$2 done
Event: 18.265 loading class java/nio/charset/Charset$ExtendedProviderHolder
Event: 18.266 loading class java/nio/charset/Charset$ExtendedProviderHolder done
Event: 18.266 loading class java/nio/charset/Charset$ExtendedProviderHolder$1
Event: 18.266 loading class java/nio/charset/Charset$ExtendedProviderHolder$1 done


Dynamic libraries:
0x00007ff65b2c0000 - 0x00007ff65b2d0000 	C:\Program Files\Java\jdk-17\bin\java.exe
0x00007ff9bbae0000 - 0x00007ff9bbd47000 	C:\WINDOWS\SYSTEM32\ntdll.dll
0x00007ff9b9b30000 - 0x00007ff9b9bf9000 	C:\WINDOWS\System32\KERNEL32.DLL
0x00007ff9b9070000 - 0x00007ff9b9467000 	C:\WINDOWS\System32\KERNELBASE.dll
0x00007ff9b8510000 - 0x00007ff9b865b000 	C:\WINDOWS\System32\ucrtbase.dll
0x00007ff9a6560000 - 0x00007ff9a657b000 	C:\Program Files\Java\jdk-17\bin\VCRUNTIME140.dll
0x00007ff9a5660000 - 0x00007ff9a5679000 	C:\Program Files\Java\jdk-17\bin\jli.dll
0x00007ff9b9a00000 - 0x00007ff9b9ab6000 	C:\WINDOWS\System32\ADVAPI32.dll
0x00007ff9bacb0000 - 0x00007ff9bad59000 	C:\WINDOWS\System32\msvcrt.dll
0x00007ff9bb560000 - 0x00007ff9bb607000 	C:\WINDOWS\System32\sechost.dll
0x00007ff9bb0a0000 - 0x00007ff9bb1b8000 	C:\WINDOWS\System32\RPCRT4.dll
0x00007ff9ba950000 - 0x00007ff9bab16000 	C:\WINDOWS\System32\USER32.dll
0x00007ff9a5e20000 - 0x00007ff9a60b2000 	C:\WINDOWS\WinSxS\amd64_microsoft.windows.common-controls_6595b64144ccf1df_6.0.26100.8457_none_3e0b2faee331e92d\COMCTL32.dll
0x00007ff9b87d0000 - 0x00007ff9b87f7000 	C:\WINDOWS\System32\win32u.dll
0x00007ff9baf40000 - 0x00007ff9baf6b000 	C:\WINDOWS\System32\GDI32.dll
0x00007ff9b9520000 - 0x00007ff9b964c000 	C:\WINDOWS\System32\gdi32full.dll
0x00007ff9b9470000 - 0x00007ff9b9513000 	C:\WINDOWS\System32\msvcp_win.dll
0x00007ff9af260000 - 0x00007ff9af26b000 	C:\WINDOWS\SYSTEM32\VERSION.dll
0x00007ff9b9dd0000 - 0x00007ff9b9e02000 	C:\WINDOWS\System32\IMM32.DLL
0x00007ff9b34c0000 - 0x00007ff9b34cc000 	C:\Program Files\Java\jdk-17\bin\vcruntime140_1.dll
0x00007ff96e6d0000 - 0x00007ff96e75e000 	C:\Program Files\Java\jdk-17\bin\msvcp140.dll
0x00007ff8da000000 - 0x00007ff8dabe0000 	C:\Program Files\Java\jdk-17\bin\server\jvm.dll
0x00007ff9bab20000 - 0x00007ff9bab28000 	C:\WINDOWS\System32\PSAPI.DLL
0x00007ff963760000 - 0x00007ff96376a000 	C:\WINDOWS\SYSTEM32\WSOCK32.dll
0x00007ff9b6450000 - 0x00007ff9b6486000 	C:\WINDOWS\SYSTEM32\WINMM.dll
0x00007ff9b9d40000 - 0x00007ff9b9dc0000 	C:\WINDOWS\System32\ws2_32.DLL
0x00007ff9b72a0000 - 0x00007ff9b72bb000 	C:\WINDOWS\SYSTEM32\kernel.appcore.dll
0x00007ff9a5620000 - 0x00007ff9a562a000 	C:\Program Files\Java\jdk-17\bin\jimage.dll
0x00007ff9b6130000 - 0x00007ff9b6372000 	C:\WINDOWS\SYSTEM32\DBGHELP.DLL
0x00007ff9bb1d0000 - 0x00007ff9bb553000 	C:\WINDOWS\System32\combase.dll
0x00007ff9ba060000 - 0x00007ff9ba139000 	C:\WINDOWS\System32\OLEAUT32.dll
0x00007ff9b6410000 - 0x00007ff9b644b000 	C:\WINDOWS\SYSTEM32\dbgcore.DLL
0x00007ff9b8720000 - 0x00007ff9b87c8000 	C:\WINDOWS\System32\bcryptPrimitives.dll
0x00007ff9a5380000 - 0x00007ff9a538e000 	C:\Program Files\Java\jdk-17\bin\instrument.dll
0x00007ff9a40d0000 - 0x00007ff9a40f5000 	C:\Program Files\Java\jdk-17\bin\java.dll
0x00007ff952320000 - 0x00007ff9523f7000 	C:\Program Files\Java\jdk-17\bin\jsvml.dll
0x00007ff9ba1d0000 - 0x00007ff9ba93e000 	C:\WINDOWS\System32\SHELL32.dll
0x00007ff9b8800000 - 0x00007ff9b906c000 	C:\WINDOWS\System32\windows.storage.dll
0x00007ff9bafa0000 - 0x00007ff9bb096000 	C:\WINDOWS\System32\SHCORE.dll
0x00007ff9b9ac0000 - 0x00007ff9b9b26000 	C:\WINDOWS\System32\shlwapi.dll
0x00007ff9b8430000 - 0x00007ff9b8459000 	C:\WINDOWS\SYSTEM32\profapi.dll
0x00007ff9a1230000 - 0x00007ff9a1248000 	C:\Program Files\Java\jdk-17\bin\zip.dll
0x00007ff9a5160000 - 0x00007ff9a5179000 	C:\Program Files\Java\jdk-17\bin\net.dll
0x00007ff9b1400000 - 0x00007ff9b1529000 	C:\WINDOWS\SYSTEM32\WINHTTP.dll
0x00007ff9b7810000 - 0x00007ff9b787c000 	C:\WINDOWS\system32\mswsock.dll
0x00007ff9a3e90000 - 0x00007ff9a3ea6000 	C:\Program Files\Java\jdk-17\bin\nio.dll
0x00007ff9a5350000 - 0x00007ff9a535e000 	C:\Program Files\Java\jdk-17\bin\sunmscapi.dll
0x00007ff9b96e0000 - 0x00007ff9b9858000 	C:\WINDOWS\System32\CRYPT32.dll
0x00007ff9b7d10000 - 0x00007ff9b7d40000 	C:\WINDOWS\SYSTEM32\ncrypt.dll
0x00007ff9b7cc0000 - 0x00007ff9b7cff000 	C:\WINDOWS\SYSTEM32\NTASN1.dll
0x00007ff9b7af0000 - 0x00007ff9b7b0b000 	C:\WINDOWS\SYSTEM32\CRYPTSP.dll
0x00007ff9b7200000 - 0x00007ff9b7239000 	C:\WINDOWS\system32\rsaenh.dll
0x00007ff9b78c0000 - 0x00007ff9b78f3000 	C:\WINDOWS\SYSTEM32\USERENV.dll
0x00007ff9b8400000 - 0x00007ff9b842a000 	C:\WINDOWS\SYSTEM32\bcrypt.dll
0x00007ff9b7b10000 - 0x00007ff9b7b1c000 	C:\WINDOWS\SYSTEM32\CRYPTBASE.dll
0x00007ff9b6cc0000 - 0x00007ff9b6cf2000 	C:\WINDOWS\SYSTEM32\IPHLPAPI.DLL
0x00007ff9bb1c0000 - 0x00007ff9bb1ca000 	C:\WINDOWS\System32\NSI.dll
0x00007ff9b2c70000 - 0x00007ff9b2c8d000 	C:\WINDOWS\SYSTEM32\dhcpcsvc6.DLL
0x00007ff9b2b50000 - 0x00007ff9b2b75000 	C:\WINDOWS\SYSTEM32\dhcpcsvc.DLL
0x00007ff9b6d60000 - 0x00007ff9b6e92000 	C:\WINDOWS\SYSTEM32\DNSAPI.dll
0x00007ff9a4640000 - 0x00007ff9a464a000 	C:\Program Files\Java\jdk-17\bin\management.dll
0x00007ff9a4220000 - 0x00007ff9a422b000 	C:\Program Files\Java\jdk-17\bin\management_ext.dll
0x00007ff9a40c0000 - 0x00007ff9a40d0000 	C:\Program Files\Java\jdk-17\bin\verify.dll
0x00007ff9af7e0000 - 0x00007ff9af7eb000 	C:\Windows\System32\rasadhlp.dll
0x00007ff9b31e0000 - 0x00007ff9b3266000 	C:\WINDOWS\System32\fwpuclnt.dll

dbghelp: loaded successfully - version: 4.0.5 - missing functions: none
symbol engine: initialized successfully - sym options: 0x614 - pdb path: .;C:\Program Files\Java\jdk-17\bin;C:\WINDOWS\SYSTEM32;C:\WINDOWS\WinSxS\amd64_microsoft.windows.common-controls_6595b64144ccf1df_6.0.26100.8457_none_3e0b2faee331e92d;C:\Program Files\Java\jdk-17\bin\server

VM Arguments:
jvm_args: -javaagent:C:\Program Files\JetBrains\IntelliJ IDEA 2026.1\lib\idea_rt.jar=51668 -Dfile.encoding=UTF-8 
java_command: com.example.homestaymanager.HomestayManagerApplication
java_class_path (initial): D:\homestay-manager\backend\homestay-management-thesis\target\classes;C:\Users\DELL\.m2\repository\org\springframework\boot\spring-boot-starter-web\3.3.5\spring-boot-starter-web-3.3.5.jar;C:\Users\DELL\.m2\repository\org\springframework\boot\spring-boot-starter\3.3.5\spring-boot-starter-3.3.5.jar;C:\Users\DELL\.m2\repository\org\springframework\boot\spring-boot\3.3.5\spring-boot-3.3.5.jar;C:\Users\DELL\.m2\repository\org\springframework\boot\spring-boot-autoconfigure\3.3.5\spring-boot-autoconfigure-3.3.5.jar;C:\Users\DELL\.m2\repository\org\springframework\boot\spring-boot-starter-logging\3.3.5\spring-boot-starter-logging-3.3.5.jar;C:\Users\DELL\.m2\repository\ch\qos\logback\logback-classic\1.5.11\logback-classic-1.5.11.jar;C:\Users\DELL\.m2\repository\ch\qos\logback\logback-core\1.5.11\logback-core-1.5.11.jar;C:\Users\DELL\.m2\repository\org\apache\logging\log4j\log4j-to-slf4j\2.23.1\log4j-to-slf4j-2.23.1.jar;C:\Users\DELL\.m2\repository\org\apache\logging\log4j\log4j-api\2.23.1\log4j-api-2.23.1.jar;C:\Users\DELL\.m2\repository\org\slf4j\jul-to-slf4j\2.0.16\jul-to-slf4j-2.0.16.jar;C:\Users\DELL\.m2\repository\jakarta\annotation\jakarta.annotation-api\2.1.1\jakarta.annotation-api-2.1.1.jar;C:\Users\DELL\.m2\repository\org\yaml\snakeyaml\2.2\snakeyaml-2.2.jar;C:\Users\DELL\.m2\repository\org\springframework\boot\spring-boot-starter-json\3.3.5\spring-boot-starter-json-3.3.5.jar;C:\Users\DELL\.m2\repository\com\fasterxml\jackson\core\jackson-databind\2.17.2\jackson-databind-2.17.2.jar;C:\Users\DELL\.m2\repository\com\fasterxml\jackson\core\jackson-annotations\2.17.2\jackson-annotations-2.17.2.jar;C:\Users\DELL\.m2\repository\com\fasterxml\jackson\core\jackson-core\2.17.2\jackson-core-2.17.2.jar;C:\Users\DELL\.m2\repository\com\fasterxml\jackson\datatype\jackson-datatype-jdk8\2.17.2\jackson-datatype-jdk8-2.17.2.jar;C:\Users\DELL\.m2\repository\com\fasterxml\jackson\datatype\jackson-datatype-jsr310\2.17.2\jackson-datatype-jsr310-2.17.2.jar;C:
Launcher Type: SUN_STANDARD

[Global flags]
     intx CICompilerCount                          = 4                                         {product} {ergonomic}
     uint ConcGCThreads                            = 3                                         {product} {ergonomic}
     uint G1ConcRefinementThreads                  = 10                                        {product} {ergonomic}
   size_t G1HeapRegionSize                         = 1048576                                   {product} {ergonomic}
    uintx GCDrainStackTargetSize                   = 64                                        {product} {ergonomic}
   size_t InitialHeapSize                          = 130023424                                 {product} {ergonomic}
   size_t MarkStackSize                            = 4194304                                   {product} {ergonomic}
   size_t MaxHeapSize                              = 2065694720                                {product} {ergonomic}
   size_t MaxNewSize                               = 1239416832                                {product} {ergonomic}
   size_t MinHeapDeltaBytes                        = 1048576                                   {product} {ergonomic}
   size_t MinHeapSize                              = 8388608                                   {product} {ergonomic}
    uintx NonNMethodCodeHeapSize                   = 5839372                                {pd product} {ergonomic}
    uintx NonProfiledCodeHeapSize                  = 122909434                              {pd product} {ergonomic}
    uintx ProfiledCodeHeapSize                     = 122909434                              {pd product} {ergonomic}
    uintx ReservedCodeCacheSize                    = 251658240                              {pd product} {ergonomic}
     bool SegmentedCodeCache                       = true                                      {product} {ergonomic}
   size_t SoftMaxHeapSize                          = 2065694720                             {manageable} {ergonomic}
     bool UseCompressedClassPointers               = true                           {product lp64_product} {ergonomic}
     bool UseCompressedOops                        = true                           {product lp64_product} {ergonomic}
     bool UseG1GC                                  = true                                      {product} {ergonomic}
     bool UseLargePagesIndividualAllocation        = false                                  {pd product} {ergonomic}

Logging:
Log output configuration:
 #0: stdout all=warning uptime,level,tags
 #1: stderr all=off uptime,level,tags

Environment Variables:
JAVA_HOME=C:\Program Files\Java\jdk-17
PATH=C:\Program Files\Common Files\Oracle\Java\javapath;C:\Program Files\Java\jdk-17\bin;C:\msys64\mingw64\bin;C:\WINDOWS\system32;C:\WINDOWS;C:\WINDOWS\System32\Wbem;C:\WINDOWS\System32\WindowsPowerShell\v1.0\;C:\WINDOWS\System32\OpenSSH\;C:\Program Files\dotnet\;C:\msys64\mingw64\bin\g++.exe;C:\Mingw\g++.exe;C:\Program Files\Microsoft SQL Server\Client SDK\ODBC\110\Tools\Binn\;C:\Program Files (x86)\Microsoft SQL Server\120\Tools\Binn\;C:\Program Files\Microsoft SQL Server\120\Tools\Binn\;C:\Program Files\Microsoft SQL Server\120\DTS\Binn\;C:\Program Files (x86)\Microsoft SQL Server\120\Tools\Binn\ManagementStudio\;C:\Program Files (x86)\Microsoft SQL Server\120\DTS\Binn\;D:\Git\cmd;C:\Users\DELL\AppData\Roaming\nvm;C:\Program Files\nodejs;C:\Program Files (x86)\Microsoft SQL Server\160\DTS\Binn\;C:\Program Files\cursor\resources\app\bin;C:\Program Files\Docker\Docker\resources\bin;C:\Users\DELL\AppData\Local\Microsoft\WindowsApps;C:\Users\DELL\AppData\Local\Programs\Microsoft VS Code\bin;C:\Users\DELL\AppData\Roaming\npm;C:\Users\DELL\AppData\Roaming\nvm;C:\Program Files\nodejs;D:\src\flutter_windows_3.35.3-stable\flutter\bin;C:\Users\DELL\.dotnet\tools;D:\flutter\bin;C:\Program Files\JetBrains\IntelliJ IDEA 2026.1\bin
USERNAME=DELL
OS=Windows_NT
PROCESSOR_IDENTIFIER=Intel64 Family 6 Model 154 Stepping 4, GenuineIntel



---------------  S Y S T E M  ---------------

OS:
 Windows 11 , 64 bit Build 26100 (10.0.26100.8328)
OS uptime: 2 days 3:47 hours
Hyper-V role detected

CPU: total 12 (initial active 12) (6 cores per cpu, 2 threads per core) family 6 model 154 stepping 4 microcode 0x435, cx8, cmov, fxsr, ht, mmx, 3dnowpref, sse, sse2, sse3, ssse3, sse4.1, sse4.2, popcnt, lzcnt, tsc, tscinvbit, avx, avx2, aes, erms, clmul, bmi1, bmi2, adx, sha, fma, vzeroupper, clflush, clflushopt, clwb, hv

Memory: 4k page, system-wide physical 7876M (195M free)
TotalPageFile size 32452M (AvailPageFile size 134M)
current process WorkingSet (physical memory assigned to process): 151M, peak: 183M
current process commit charge ("private bytes"): 227M, peak: 273M

vm_info: Java HotSpot(TM) 64-Bit Server VM (17.0.12+8-LTS-286) for windows-amd64 JRE (17.0.12+8-LTS-286), built on Jun  5 2024 06:46:59 by "mach5one" with MS VC++ 17.6 (VS2022)

END.
